<?xml version="1.0" encoding="UTF-8"?>
<!-- Generated by org.testng.reporters.JUnitReportReporter -->
<testsuite hostname="QT-INNO-LT1331" failures="0" tests="14" name="com.qt.qualithon.test.MovieSearchTest" time="198.131" errors="1" timestamp="2022-03-26T12:39:02 IST" skipped="0">
  <testcase classname="com.qt.qualithon.test.MovieSearchTest" name="testMovieMetadataOnWebHasCorrectMaturityRating" time="14.590"/>
  <system-out/>
  <testcase classname="com.qt.qualithon.test.MovieSearchTest" name="testMovieMetadataOnWebHasCorrectGenres" time="13.159"/>
  <system-out/>
  <testcase classname="com.qt.qualithon.test.MovieSearchTest" name="testSearchByExactMovieTitleReturnsMovieAsFirstResult" time="11.488"/>
  <system-out/>
  <testcase classname="com.qt.qualithon.test.MovieSearchTest" name="testSearchByExactMovieTitleReturnsMovieAsFirstResult" time="12.800"/>
  <system-out/>
  <testcase classname="com.qt.qualithon.test.MovieSearchTest" name="testMovieMetadataOnWebHasCorrectReleaseYear" time="13.287"/>
  <system-out/>
  <testcase classname="com.qt.qualithon.test.MovieSearchTest" name="testMovieMetadataOnWebHasCorrectMaturityRating" time="11.650"/>
  <system-out/>
  <testcase classname="com.qt.qualithon.test.MovieSearchTest" name="testMovieMetadataOnWebHasCorrectMovieRatingScore" time="11.753"/>
  <system-out/>
  <testcase classname="com.qt.qualithon.test.MovieSearchTest" name="testMovieMetadataOnWebHasCorrectWriters" time="14.059"/>
  <system-out/>
  <testcase classname="com.qt.qualithon.test.MovieSearchTest" name="testMovieMetadataOnWebHasCorrectGenres" time="12.587"/>
  <system-out/>
  <testcase classname="com.qt.qualithon.test.MovieSearchTest" name="testMovieMetadataOnWebHasCorrectMovieRatingScore" time="13.096"/>
  <system-out/>
  <testcase classname="com.qt.qualithon.test.MovieSearchTest" name="testMovieMetadataOnWebHasCorrectReleaseYear" time="12.440"/>
  <system-out/>
  <testcase classname="com.qt.qualithon.test.MovieSearchTest" name="testMovieMetadataOnWebHasCorrectDirectorName" time="26.061"/>
  <system-out/>
  <testcase classname="com.qt.qualithon.test.MovieSearchTest" name="testMovieMetadataOnWebHasCorrectDirectorName" time="18.215"/>
  <system-out/>
  <testcase classname="com.qt.qualithon.test.MovieSearchTest" name="testMovieMetadataOnWebHasCorrectWriters" time="12.946">
    <error message="Could not lookup Writers on movie page
For documentation on this error, please visit: https://selenium.dev/exceptions/#no_such_element
Build info: version: &#039;4.1.2&#039;, revision: &#039;9a5a329c5a&#039;
System info: host: &#039;QT-INNO-LT1331&#039;, ip: &#039;192.168.1.26&#039;, os.name: &#039;Windows 10&#039;, os.arch: &#039;amd64&#039;, os.version: &#039;10.0&#039;, java.version: &#039;17.0.1&#039;
Driver info: driver.version: unknown" type="org.openqa.selenium.NoSuchElementException">
      <![CDATA[org.openqa.selenium.NoSuchElementException: Could not lookup Writers on movie page
For documentation on this error, please visit: https://selenium.dev/exceptions/#no_such_element
Build info: version: '4.1.2', revision: '9a5a329c5a'
System info: host: 'QT-INNO-LT1331', ip: '192.168.1.26', os.name: 'Windows 10', os.arch: 'amd64', os.version: '10.0', java.version: '17.0.1'
Driver info: driver.version: unknown
at com.qt.qualithon.ui.imdb.MoviePage.writers(MoviePage.java:145)
at com.qt.qualithon.test.MovieSearchTest.testMovieMetadataOnWebHasCorrectWriters(MovieSearchTest.java:126)
at java.base/jdk.internal.reflect.NativeMethodAccessorImpl.invoke0(Native Method)
at java.base/jdk.internal.reflect.NativeMethodAccessorImpl.invoke(NativeMethodAccessorImpl.java:77)
at java.base/jdk.internal.reflect.DelegatingMethodAccessorImpl.invoke(DelegatingMethodAccessorImpl.java:43)
at java.base/java.lang.reflect.Method.invoke(Method.java:568)
at org.testng.internal.MethodInvocationHelper.invokeMethod(MethodInvocationHelper.java:132)
at org.testng.internal.TestInvoker.invokeMethod(TestInvoker.java:599)
at org.testng.internal.TestInvoker.invokeTestMethod(TestInvoker.java:174)
at org.testng.internal.MethodRunner.runInSequence(MethodRunner.java:46)
at org.testng.internal.TestInvoker$MethodInvocationAgent.invoke(TestInvoker.java:822)
at org.testng.internal.TestInvoker.invokeTestMethods(TestInvoker.java:147)
at org.testng.internal.TestMethodWorker.invokeTestMethods(TestMethodWorker.java:146)
at org.testng.internal.TestMethodWorker.run(TestMethodWorker.java:128)
at java.base/java.util.ArrayList.forEach(ArrayList.java:1511)
at org.testng.TestRunner.privateRun(TestRunner.java:764)
at org.testng.TestRunner.run(TestRunner.java:585)
at org.testng.SuiteRunner.runTest(SuiteRunner.java:384)
at org.testng.SuiteRunner.runSequentially(SuiteRunner.java:378)
at org.testng.SuiteRunner.privateRun(SuiteRunner.java:337)
at org.testng.SuiteRunner.run(SuiteRunner.java:286)
at org.testng.SuiteRunnerWorker.runSuite(SuiteRunnerWorker.java:53)
at org.testng.SuiteRunnerWorker.run(SuiteRunnerWorker.java:96)
at org.testng.TestNG.runSuitesSequentially(TestNG.java:1218)
at org.testng.TestNG.runSuitesLocally(TestNG.java:1140)
at org.testng.TestNG.runSuites(TestNG.java:1069)
at org.testng.TestNG.run(TestNG.java:1037)
at org.testng.remote.AbstractRemoteTestNG.run(AbstractRemoteTestNG.java:115)
at org.testng.remote.RemoteTestNG.initAndRun(RemoteTestNG.java:251)
at org.testng.remote.RemoteTestNG.main(RemoteTestNG.java:77)
]]>
    </error>
  </testcase> <!-- testMovieMetadataOnWebHasCorrectWriters -->
  <system-out/>
</testsuite> <!-- com.qt.qualithon.test.MovieSearchTest -->
